<?xml version="1.0" encoding="UTF-8"?>
<!-- Generated by org.testng.reporters.JUnitXMLReporter -->
<testsuite ignored="0" hostname="KUSH1107" failures="0" tests="5" name="Default test" time="112.71" errors="0" timestamp="2022-11-16T00:12:23 IST">
  <testcase classname="com.anglo.MainNav" name="VerifyAboutUs_Headerlinks" time="13.822"/>
  <testcase classname="com.anglo.MainNav" name="VerifyFuturesmart_Headerlinks" time="9.304"/>
  <testcase classname="com.anglo.MainNav" name="VerifyInvestors_Headerlinks" time="39.234"/>
  <testcase classname="com.anglo.MainNav" name="VerifyProducts_Headerlinks" time="11.887"/>
  <testcase classname="com.anglo.MainNav" name="VerifySustainability_Headerlinks" time="24.454"/>
</testsuite> <!-- Default test -->
