<?xml version="1.0" encoding="UTF-8"?>
<!-- Generated by org.testng.reporters.JUnitXMLReporter -->
<testsuite ignored="0" hostname="Arche-ITL476" failures="1" tests="13" name="Anglo Regression Test" time="89.049" errors="0" timestamp="2022-11-15T16:10:19 IST">
  <testcase classname="com.anglo.Footerlinks" name="VerifyOur_websites_Footerlinks" time="5.523"/>
  <testcase classname="com.anglo.Footerlinks" name="VerifySocialIcons_Footerlinks" time="4.181"/>
  <testcase classname="com.anglo.Footerlinks" name="VerifyWebsiteSpeciific_Footerlinks" time="4.042"/>
  <testcase classname="com.anglo.SearchPage" name="Verify_DummyText_input" time="9.8">
    <failure type="java.lang.AssertionError" message="Text  found! expected [false] but found [true]">
      <![CDATA[java.lang.AssertionError: Text  found! expected [false] but found [true]
at com.anglo.SearchPage.Verify_DummyText_input(SearchPage.java:56)
at java.base/java.util.ArrayList.forEach(ArrayList.java:1511)
... Removed 30 stack frames]]>
    </failure>
  </testcase> <!-- Verify_DummyText_input -->
  <testcase classname="com.anglo.SearchPage" name="Verify_ShareFunctionality" time="3.012"/>
  <testcase classname="com.anglo.SearchPage" name="Verify_UnknownText_input" time="10.396"/>
  <testcase classname="com.anglo.BackToTop" name="Verify_BackToTop_present" time="7.267"/>
  <testcase classname="com.anglo.PageNotFound" name="VerifyPageTitle" time="2.683"/>
  <testcase classname="com.anglo.PageNotFound" name="VerifyCompanyName" time="2.685"/>
  <testcase classname="com.anglo.PageNotFound" name="Verify_Homepagelink" time="3.278"/>
  <testcase classname="com.anglo.PageNotFound" name="Verify_Sitemaplink" time="2.629"/>
  <testcase classname="com.anglo.PageNotFound" name="Verify_PageTimer" time="2.625"/>
  <testcase classname="com.anglo.HeaderLinks" name="Verify_Main_Headerlinks" time="6.983"/>
</testsuite> <!-- Anglo Regression Test -->
