<?xml version="1.0" encoding="UTF-8"?>
<testng-results ignored="0" total="2" passed="2" failed="0" skipped="0">
  <reporter-output>
  </reporter-output>
  <suite started-at="2022-11-21T18:06:23 IST" name="Default suite" finished-at="2022-11-21T18:06:40 IST" duration-ms="17028">
    <groups>
      <group name="To Verify CountryDropdown Functionality">
        <method signature="CountryDropdown.Verify_CountryDropdown_present()[pri:1, instance:com.anglo.CountryDropdown@a38c7fe]" name="Verify_CountryDropdown_present" class="com.anglo.CountryDropdown"/>
        <method signature="CountryDropdown.Verify_CountryDropdown_CountryList()[pri:2, instance:com.anglo.CountryDropdown@a38c7fe]" name="Verify_CountryDropdown_CountryList" class="com.anglo.CountryDropdown"/>
      </group> <!-- To Verify CountryDropdown Functionality -->
    </groups>
    <test started-at="2022-11-21T18:06:23 IST" name="Default test" finished-at="2022-11-21T18:06:40 IST" duration-ms="17028">
      <class name="com.anglo.CountryDropdown">
        <test-method is-config="true" signature="setup()[pri:0, instance:com.anglo.CountryDropdown@a38c7fe]" started-at="2022-11-21T18:06:23 IST" name="setup" finished-at="2022-11-21T18:06:30 IST" duration-ms="7409" status="PASS">
          <reporter-output>
          </reporter-output>
        </test-method> <!-- setup -->
        <test-method signature="Verify_CountryDropdown_present()[pri:1, instance:com.anglo.CountryDropdown@a38c7fe]" started-at="2022-11-21T18:06:30 IST" name="Verify_CountryDropdown_present" finished-at="2022-11-21T18:06:32 IST" duration-ms="2058" status="PASS">
          <reporter-output>
          </reporter-output>
        </test-method> <!-- Verify_CountryDropdown_present -->
        <test-method is-config="true" signature="setup()[pri:0, instance:com.anglo.CountryDropdown@a38c7fe]" started-at="2022-11-21T18:06:32 IST" name="setup" finished-at="2022-11-21T18:06:38 IST" duration-ms="5382" status="PASS">
          <reporter-output>
          </reporter-output>
        </test-method> <!-- setup -->
        <test-method signature="Verify_CountryDropdown_CountryList()[pri:2, instance:com.anglo.CountryDropdown@a38c7fe]" started-at="2022-11-21T18:06:38 IST" name="Verify_CountryDropdown_CountryList" finished-at="2022-11-21T18:06:40 IST" duration-ms="2107" status="PASS">
          <reporter-output>
          </reporter-output>
        </test-method> <!-- Verify_CountryDropdown_CountryList -->
        <test-method is-config="true" signature="teardown()[pri:0, instance:com.anglo.CountryDropdown@a38c7fe]" started-at="2022-11-21T18:06:40 IST" name="teardown" finished-at="2022-11-21T18:06:40 IST" duration-ms="247" status="PASS">
          <reporter-output>
          </reporter-output>
        </test-method> <!-- teardown -->
      </class> <!-- com.anglo.CountryDropdown -->
    </test> <!-- Default test -->
  </suite> <!-- Default suite -->
</testng-results>
