<?xml version="1.0" encoding="UTF-8"?>
<testng-results ignored="0" total="1" passed="1" failed="0" skipped="0">
  <reporter-output>
  </reporter-output>
  <suite started-at="2022-11-22T20:24:19 IST" name="Default suite" finished-at="2022-11-22T20:24:59 IST" duration-ms="40190">
    <groups>
    </groups>
    <test started-at="2022-11-22T20:24:19 IST" name="Default test" finished-at="2022-11-22T20:24:59 IST" duration-ms="40190">
      <class name="com.anglo.SocialLinks">
        <test-method is-config="true" signature="setup()[pri:0, instance:com.anglo.SocialLinks@73e9cf30]" started-at="2022-11-22T20:24:19 IST" name="setup" finished-at="2022-11-22T20:24:27 IST" duration-ms="7878" status="PASS">
          <reporter-output>
          </reporter-output>
        </test-method> <!-- setup -->
        <test-method signature="VerifySocialLinks()[pri:0, instance:com.anglo.SocialLinks@73e9cf30]" started-at="2022-11-22T20:24:27 IST" name="VerifySocialLinks" finished-at="2022-11-22T20:24:58 IST" duration-ms="31083" status="PASS">
          <reporter-output>
          </reporter-output>
        </test-method> <!-- VerifySocialLinks -->
        <test-method is-config="true" signature="teardown()[pri:0, instance:com.anglo.SocialLinks@73e9cf30]" started-at="2022-11-22T20:24:58 IST" name="teardown" finished-at="2022-11-22T20:24:59 IST" duration-ms="1168" status="PASS">
          <reporter-output>
          </reporter-output>
        </test-method> <!-- teardown -->
      </class> <!-- com.anglo.SocialLinks -->
    </test> <!-- Default test -->
  </suite> <!-- Default suite -->
</testng-results>
